<?xml version="1.0" encoding="UTF-8"?>
<!-- Generated by org.testng.reporters.JUnitReportReporter -->
<testsuite skipped="0" hostname="DESKTOP-UARE31A" name="com.ADM.test.fbLogin" tests="1" failures="0" timestamp="2020-07-13T17:56:30 IST" time="6.780" errors="0">
  <testcase name="f" time="6.780" classname="com.ADM.test.fbLogin"/>
  <system-out/>
</testsuite> <!-- com.ADM.test.fbLogin -->
