<?xml version="1.0" encoding="UTF-8"?>
<!-- Generated by org.testng.reporters.JUnitReportReporter -->
<testsuite skipped="0" hostname="DESKTOP-UARE31A" name="com.ADM.cucumber.testRunner.Runnerclass" tests="1" failures="0" timestamp="2020-09-13T12:27:06 IST" time="1.347" errors="0">
  <testcase name="feature" time="1.347" classname="com.ADM.cucumber.testRunner.Runnerclass"/>
  <system-out/>
</testsuite> <!-- com.ADM.cucumber.testRunner.Runnerclass -->
