<?xml version="1.0" encoding="UTF-8"?>
<!-- Generated by org.testng.reporters.JUnitReportReporter -->
<testsuite skipped="0" hostname="DESKTOP-UARE31A" name="com.ADM.cucumber.testRunner.Runnerclass" tests="1" failures="0" timestamp="2020-09-18T10:47:50 IST" time="0.558" errors="0">
  <testcase name="feature" time="0.558" classname="com.ADM.cucumber.testRunner.Runnerclass"/>
  <system-out/>
</testsuite> <!-- com.ADM.cucumber.testRunner.Runnerclass -->
